<?xml version="1.0" encoding="utf-8"?><testsuites name="pytest tests"><testsuite name="pytest" errors="0" failures="0" skipped="0" tests="26" time="14.674" timestamp="2026-09-22T18:02:38.634016+00:00" hostname="agent-env-5ee5b2a2-9979-499c-bbf5-0bf71df0deef"><testcase classname="tests.test_jointcare_api" name="test_admin_login" time="0.482" /><testcase classname="tests.test_jointcare_api" name="test_signup_worker" time="1.440" /><testcase classname="tests.test_jointcare_api" name="test_signup_doctor" time="0.382" /><testcase classname="tests.test_jointcare_api" name="test_login_invalid" time="0.408" /><testcase classname="tests.test_jointcare_api" name="test_auth_me" time="0.152" /><testcase classname="tests.test_jointcare_api" name="test_auth_me_unauth" time="1.119" /><testcase classname="tests.test_jointcare_api" name="test_create_patient_bmi_auto" time="0.197" /><testcase classname="tests.test_jointcare_api" name="test_list_patients_and_search" time="0.279" /><testcase classname="tests.test_jointcare_api" name="test_get_patient_detail" time="0.439" /><testcase classname="tests.test_jointcare_api" name="test_create_screening_and_prediction" time="0.420" /><testcase classname="tests.test_jointcare_api" name="test_screening_empty_readings" time="0.141" /><testcase classname="tests.test_jointcare_api" name="test_get_screening" time="0.166" /><testcase classname="tests.test_jointcare_api" name="test_list_screenings_pending" time="0.125" /><testcase classname="tests.test_jointcare_api" name="test_doctor_review_denied_for_worker" time="0.156" /><testcase classname="tests.test_jointcare_api" name="test_doctor_review_success" time="0.267" /><testcase classname="tests.test_jointcare_api" name="test_create_movement_assessment" time="0.128" /><testcase classname="tests.test_jointcare_api" name="test_create_movement_assessment_empty_tests" time="0.134" /><testcase classname="tests.test_jointcare_api" name="test_list_movement_assessments_by_patient" time="0.167" /><testcase classname="tests.test_jointcare_api" name="test_patient_detail_includes_movement" time="0.163" /><testcase classname="tests.test_jointcare_api" name="test_screening_attaches_movement_summary" time="0.286" /><testcase classname="tests.test_jointcare_api" name="test_movement_risk_severe_when_low_score" time="0.143" /><testcase classname="tests.test_jointcare_api" name="test_dataset_upload_worker_denied" time="0.144" /><testcase classname="tests.test_jointcare_api" name="test_dataset_upload_admin_ok" time="0.294" /><testcase classname="tests.test_jointcare_api" name="test_analytics_summary" time="0.176" /><testcase classname="tests.test_jointcare_api" name="test_ai_summary" time="5.981" /><testcase classname="tests.test_jointcare_api" name="test_websocket_sensor_stream" time="0.325" /></testsuite></testsuites>