<?xml version="1.0" encoding="utf-8"?><testsuites name="pytest tests"><testsuite name="pytest" errors="0" failures="0" skipped="0" tests="20" time="14.102" timestamp="2026-09-22T17:18:45.821913+00:00" hostname="agent-env-5ee5b2a2-9979-499c-bbf5-0bf71df0deef"><testcase classname="tests.test_jointcare_api" name="test_admin_login" time="0.543" /><testcase classname="tests.test_jointcare_api" name="test_signup_worker" time="3.920" /><testcase classname="tests.test_jointcare_api" name="test_signup_doctor" time="0.384" /><testcase classname="tests.test_jointcare_api" name="test_login_invalid" time="0.386" /><testcase classname="tests.test_jointcare_api" name="test_auth_me" time="0.237" /><testcase classname="tests.test_jointcare_api" name="test_auth_me_unauth" time="0.176" /><testcase classname="tests.test_jointcare_api" name="test_create_patient_bmi_auto" time="0.141" /><testcase classname="tests.test_jointcare_api" name="test_list_patients_and_search" time="0.354" /><testcase classname="tests.test_jointcare_api" name="test_get_patient_detail" time="0.188" /><testcase classname="tests.test_jointcare_api" name="test_create_screening_and_prediction" time="0.174" /><testcase classname="tests.test_jointcare_api" name="test_screening_empty_readings" time="0.151" /><testcase classname="tests.test_jointcare_api" name="test_get_screening" time="0.171" /><testcase classname="tests.test_jointcare_api" name="test_list_screenings_pending" time="0.227" /><testcase classname="tests.test_jointcare_api" name="test_doctor_review_denied_for_worker" time="0.159" /><testcase classname="tests.test_jointcare_api" name="test_doctor_review_success" time="0.311" /><testcase classname="tests.test_jointcare_api" name="test_dataset_upload_worker_denied" time="0.157" /><testcase classname="tests.test_jointcare_api" name="test_dataset_upload_admin_ok" time="0.359" /><testcase classname="tests.test_jointcare_api" name="test_analytics_summary" time="0.132" /><testcase classname="tests.test_jointcare_api" name="test_ai_summary" time="5.118" /><testcase classname="tests.test_jointcare_api" name="test_websocket_sensor_stream" time="0.303" /></testsuite></testsuites>